<?xml version="1.0" encoding="UTF-8"?>
<testsuite xmlns:xsi="http://www.w3.org/2001/XMLSchema-instance" xsi:noNamespaceSchemaLocation="https://maven.apache.org/surefire/maven-failsafe-plugin/xsd/failsafe-test-report.xsd" name="com.n26.HttpJsonIT" time="2.657" tests="1" errors="0" skipped="0" failures="1">
  <properties>
[...]
</properties>
  <testcase name="dynamicTests" classname="com.n26.HttpJsonIT" time="0.231">
    <failure message="Status code expected:&lt;[2]04&gt; but was:&lt;[4]04&gt;" type="org.junit.ComparisonFailure"><![CDATA[org.junit.ComparisonFailure: Status code expected:<[2]04> but was:<[4]04>
	at org.junit.Assert.assertEquals(Assert.java:115)
	at com.n26.HttpJsonIT.lambda$generateReportForProperExecution$10(HttpJsonIT.java:652)
	at java.util.Optional.ifPresent(Optional.java:159)
	at com.n26.HttpJsonIT.generateReportForProperExecution(HttpJsonIT.java:650)
	at com.n26.HttpJsonIT.access$000(HttpJsonIT.java:63)
	at com.n26.HttpJsonIT$2.succeeded(HttpJsonIT.java:127)
	at org.junit.rules.TestWatcher.succeededQuietly(TestWatcher.java:75)
	at org.junit.rules.TestWatcher.access$100(TestWatcher.java:46)
	at org.junit.rules.TestWatcher$1.evaluate(TestWatcher.java:56)
	at org.junit.rules.RunRules.evaluate(RunRules.java:20)
	at org.springframework.test.context.junit4.statements.SpringRepeat.evaluate(SpringRepeat.java:84)
	at org.junit.runners.ParentRunner.runLeaf(ParentRunner.java:325)
	at org.springframework.test.context.junit4.SpringJUnit4ClassRunner.runChild(SpringJUnit4ClassRunner.java:251)
	at org.springframework.test.context.junit4.SpringJUnit4ClassRunner.runChild(SpringJUnit4ClassRunner.java:97)
	at org.junit.runners.ParentRunner$3.run(ParentRunner.java:290)
	at org.junit.runners.ParentRunner$1.schedule(ParentRunner.java:71)
	at org.junit.runners.ParentRunner.runChildren(ParentRunner.java:288)
	at org.junit.runners.ParentRunner.access$000(ParentRunner.java:58)
	at org.junit.runners.ParentRunner$2.evaluate(ParentRunner.java:268)
	at org.springframework.test.context.junit4.statements.RunBeforeTestClassCallbacks.evaluate(RunBeforeTestClassCallbacks.java:61)
	at org.springframework.test.context.junit4.statements.RunAfterTestClassCallbacks.evaluate(RunAfterTestClassCallbacks.java:70)
	at org.junit.runners.ParentRunner.run(ParentRunner.java:363)
	at org.springframework.test.context.junit4.SpringJUnit4ClassRunner.run(SpringJUnit4ClassRunner.java:190)
	at org.apache.maven.surefire.junit4.JUnit4Provider.execute(JUnit4Provider.java:365)
	at org.apache.maven.surefire.junit4.JUnit4Provider.executeWithRerun(JUnit4Provider.java:273)
	at org.apache.maven.surefire.junit4.JUnit4Provider.executeTestSet(JUnit4Provider.java:238)
	at org.apache.maven.surefire.junit4.JUnit4Provider.invoke(JUnit4Provider.java:159)
	at org.apache.maven.surefire.booter.ForkedBooter.invokeProviderInSameClassLoader(ForkedBooter.java:379)
	at org.apache.maven.surefire.booter.ForkedBooter.runSuitesInProcess(ForkedBooter.java:340)
	at org.apache.maven.surefire.booter.ForkedBooter.execute(ForkedBooter.java:125)
	at org.apache.maven.surefire.booter.ForkedBooter.main(ForkedBooter.java:413)
]]></failure>
    <system-out><![CDATA[09:28:06.608 [main] DEBUG org.springframework.test.context.junit4.SpringJUnit4ClassRunner - SpringJUnit4ClassRunner constructor called with [class com.n26.HttpJsonIT]
09:28:06.614 [main] DEBUG org.springframework.test.context.BootstrapUtils - Instantiating CacheAwareContextLoaderDelegate from class [org.springframework.test.context.cache.DefaultCacheAwareContextLoaderDelegate]
09:28:06.624 [main] DEBUG org.springframework.test.context.BootstrapUtils - Instantiating BootstrapContext using constructor [public org.springframework.test.context.support.DefaultBootstrapContext(java.lang.Class,org.springframework.test.context.CacheAwareContextLoaderDelegate)]
09:28:06.648 [main] DEBUG org.springframework.test.context.BootstrapUtils - Instantiating TestContextBootstrapper for test class [com.n26.HttpJsonIT] from class [org.springframework.boot.test.context.SpringBootTestContextBootstrapper]
09:28:06.663 [main] INFO org.springframework.boot.test.context.SpringBootTestContextBootstrapper - Neither @ContextConfiguration nor @ContextHierarchy found for test class [com.n26.HttpJsonIT], using SpringBootContextLoader
09:28:06.668 [main] DEBUG org.springframework.test.context.support.AbstractContextLoader - Did not detect default resource location for test class [com.n26.HttpJsonIT]: class path resource [com/n26/HttpJsonIT-context.xml] does not exist
09:28:06.669 [main] DEBUG org.springframework.test.context.support.AbstractContextLoader - Did not detect default resource location for test class [com.n26.HttpJsonIT]: class path resource [com/n26/HttpJsonITContext.groovy] does not exist
09:28:06.669 [main] INFO org.springframework.test.context.support.AbstractContextLoader - Could not detect default resource locations for test class [com.n26.HttpJsonIT]: no resource found for suffixes {-context.xml, Context.groovy}.
09:28:06.711 [main] DEBUG org.springframework.test.context.support.ActiveProfilesUtils - Could not find an 'annotation declaring class' for annotation type [org.springframework.test.context.ActiveProfiles] and class [com.n26.HttpJsonIT]
09:28:06.884 [main] DEBUG org.springframework.boot.test.context.SpringBootTestContextBootstrapper - @TestExecutionListeners is not present for class [com.n26.HttpJsonIT]: using defaults.
09:28:06.884 [main] INFO org.springframework.boot.test.context.SpringBootTestContextBootstrapper - Loaded default TestExecutionListener class names from location [META-INF/spring.factories]: [org.springframework.boot.test.mock.mockito.MockitoTestExecutionListener, org.springframework.boot.test.mock.mockito.ResetMocksTestExecutionListener, org.springframework.boot.test.autoconfigure.restdocs.RestDocsTestExecutionListener, org.springframework.boot.test.autoconfigure.web.client.MockRestServiceServerResetTestExecutionListener, org.springframework.boot.test.autoconfigure.web.servlet.MockMvcPrintOnlyOnFailureTestExecutionListener, org.springframework.boot.test.autoconfigure.web.servlet.WebDriverTestExecutionListener, org.springframework.test.context.web.ServletTestExecutionListener, org.springframework.test.context.support.DirtiesContextBeforeModesTestExecutionListener, org.springframework.test.context.support.DependencyInjectionTestExecutionListener, org.springframework.test.context.support.DirtiesContextTestExecutionListener, org.springframework.test.context.transaction.TransactionalTestExecutionListener, org.springframework.test.context.jdbc.SqlScriptsTestExecutionListener]
09:28:06.902 [main] DEBUG org.springframework.boot.test.context.SpringBootTestContextBootstrapper - Skipping candidate TestExecutionListener [org.springframework.test.context.transaction.TransactionalTestExecutionListener] due to a missing dependency. Specify custom listener classes or make the default listener classes and their required dependencies available. Offending class: [org/springframework/transaction/interceptor/TransactionAttributeSource]
09:28:06.903 [main] DEBUG org.springframework.boot.test.context.SpringBootTestContextBootstrapper - Skipping candidate TestExecutionListener [org.springframework.test.context.jdbc.SqlScriptsTestExecutionListener] due to a missing dependency. Specify custom listener classes or make the default listener classes and their required dependencies available. Offending class: [org/springframework/transaction/interceptor/TransactionAttribute]
09:28:06.904 [main] INFO org.springframework.boot.test.context.SpringBootTestContextBootstrapper - Using TestExecutionListeners: [org.springframework.test.context.web.ServletTestExecutionListener@5fdcaa40, org.springframework.test.context.support.DirtiesContextBeforeModesTestExecutionListener@6dc17b83, org.springframework.boot.test.mock.mockito.MockitoTestExecutionListener@5e0826e7, org.springframework.boot.test.autoconfigure.SpringBootDependencyInjectionTestExecutionListener@32eff876, org.springframework.test.context.support.DirtiesContextTestExecutionListener@8dbdac1, org.springframework.boot.test.mock.mockito.ResetMocksTestExecutionListener@6e20b53a, org.springframework.boot.test.autoconfigure.restdocs.RestDocsTestExecutionListener@71809907, org.springframework.boot.test.autoconfigure.web.client.MockRestServiceServerResetTestExecutionListener@3ce1e309, org.springframework.boot.test.autoconfigure.web.servlet.MockMvcPrintOnlyOnFailureTestExecutionListener@6aba2b86, org.springframework.boot.test.autoconfigure.web.servlet.WebDriverTestExecutionListener@158da8e]
09:28:06.907 [main] DEBUG org.springframework.test.annotation.ProfileValueUtils - Retrieved @ProfileValueSourceConfiguration [null] for test class [com.n26.HttpJsonIT]
09:28:06.908 [main] DEBUG org.springframework.test.annotation.ProfileValueUtils - Retrieved ProfileValueSource type [class org.springframework.test.annotation.SystemProfileValueSource] for class [com.n26.HttpJsonIT]
09:28:06.913 [main] DEBUG org.springframework.test.annotation.ProfileValueUtils - Retrieved @ProfileValueSourceConfiguration [null] for test class [com.n26.HttpJsonIT]
09:28:06.914 [main] DEBUG org.springframework.test.annotation.ProfileValueUtils - Retrieved ProfileValueSource type [class org.springframework.test.annotation.SystemProfileValueSource] for class [com.n26.HttpJsonIT]
09:28:06.914 [main] DEBUG org.springframework.test.annotation.ProfileValueUtils - Retrieved @ProfileValueSourceConfiguration [null] for test class [com.n26.HttpJsonIT]
09:28:06.915 [main] DEBUG org.springframework.test.annotation.ProfileValueUtils - Retrieved ProfileValueSource type [class org.springframework.test.annotation.SystemProfileValueSource] for class [com.n26.HttpJsonIT]
09:28:06.922 [main] DEBUG org.springframework.test.context.support.AbstractDirtiesContextTestExecutionListener - Before test class: context [DefaultTestContext@59309333 testClass = HttpJsonIT, testInstance = [null], testMethod = [null], testException = [null], mergedContextConfiguration = [WebMergedContextConfiguration@5876a9af testClass = HttpJsonIT, locations = '{}', classes = '{class com.n26.Application, class com.n26.Application}', contextInitializerClasses = '[]', activeProfiles = '{}', propertySourceLocations = '{}', propertySourceProperties = '{org.springframework.boot.test.context.SpringBootTestContextBootstrapper=true}', contextCustomizers = set[org.springframework.boot.test.context.filter.ExcludeFilterContextCustomizer@8e24743, org.springframework.boot.test.json.DuplicateJsonObjectContextCustomizerFactory$DuplicateJsonObjectContextCustomizer@28ac3dc3, org.springframework.boot.test.mock.mockito.MockitoContextCustomizer@0, org.springframework.boot.test.web.client.TestRestTemplateContextCustomizer@2e3fc542, org.springframework.boot.test.autoconfigure.properties.PropertyMappingContextCustomizer@0, org.springframework.boot.test.autoconfigure.web.servlet.WebDriverContextCustomizerFactory$Customizer@548ad73b, org.springframework.test.context.web.socket.MockServerContainerContextCustomizer@727803de], resourceBasePath = 'src/main/webapp', contextLoader = 'org.springframework.boot.test.context.SpringBootContextLoader', parent = [null]], attributes = map['org.springframework.test.context.web.ServletTestExecutionListener.activateListener' -> true]], class annotated with @DirtiesContext [false] with mode [null].
09:28:06.923 [main] DEBUG org.springframework.test.annotation.ProfileValueUtils - Retrieved @ProfileValueSourceConfiguration [null] for test class [com.n26.HttpJsonIT]
09:28:06.923 [main] DEBUG org.springframework.test.annotation.ProfileValueUtils - Retrieved ProfileValueSource type [class org.springframework.test.annotation.SystemProfileValueSource] for class [com.n26.HttpJsonIT]
09:28:07.129 [main] DEBUG org.springframework.core.env.StandardEnvironment - Adding PropertySource 'systemProperties' with lowest search precedence
09:28:07.129 [main] DEBUG org.springframework.core.env.StandardEnvironment - Adding PropertySource 'systemEnvironment' with lowest search precedence
09:28:07.129 [main] DEBUG org.springframework.core.env.StandardEnvironment - Initialized StandardEnvironment with PropertySources [MapPropertySource@501609049 {name='systemProperties', properties={java.runtime.name=OpenJDK Runtime Environment, sun.boot.library.path=/Users/gumedina/.sdkman/candidates/java/8.0.272-zulu/zulu-8.jdk/Contents/Home/jre/lib, java.vm.version=25.272-b17, gopherProxySet=false, jdk.vendor.version=Zulu 8.50.0.21-CA-macosx, java.vm.vendor=Azul Systems, Inc., java.vendor.url=http://www.azulsystems.com/, path.separator=:, java.vm.name=OpenJDK 64-Bit Server VM, file.encoding.pkg=sun.io, user.country=AR, sun.java.launcher=SUN_STANDARD, sun.os.patch.level=unknown, java.vm.specification.name=Java Virtual Machine Specification, user.dir=/Users/gumedina/Downloads/transactions-statistics, java.runtime.version=1.8.0_272-b17, basedir=/Users/gumedina/Downloads/transactions-statistics, java.awt.graphicsenv=sun.awt.CGraphicsEnvironment, java.endorsed.dirs=/Users/gumedina/.sdkman/candidates/java/8.0.272-zulu/zulu-8.jdk/Contents/Home/jre/lib/endorsed, os.arch=x86_64, surefire.real.class.path=/Users/gumedina/Downloads/transactions-statistics/target/surefire/surefirebooter9046899965277982066.jar, java.io.tmpdir=/var/folders/mt/m7t27jzx1yj38vspy87mx34ml_hz88/T/, line.separator=
, java.vm.specification.vendor=Oracle Corporation, os.name=Mac OS X, sun.jnu.encoding=UTF-8, java.library.path=/Users/gumedina/Library/Java/Extensions:/Library/Java/Extensions:/Network/Library/Java/Extensions:/System/Library/Java/Extensions:/usr/lib/java:., surefire.test.class.path=/Users/gumedina/Downloads/transactions-statistics/target/test-classes:/Users/gumedina/Downloads/transactions-statistics/target/classes:/Users/gumedina/.m2/repository/org/springframework/boot/spring-boot-starter-web/2.0.3.RELEASE/spring-boot-starter-web-2.0.3.RELEASE.jar:/Users/gumedina/.m2/repository/org/springframework/boot/spring-boot-starter/2.0.3.RELEASE/spring-boot-starter-2.0.3.RELEASE.jar:/Users/gumedina/.m2/repository/org/springframework/boot/spring-boot/2.0.3.RELEASE/spring-boot-2.0.3.RELEASE.jar:/Users/gumedina/.m2/repository/org/springframework/boot/spring-boot-autoconfigure/2.0.3.RELEASE/spring-boot-autoconfigure-2.0.3.RELEASE.jar:/Users/gumedina/.m2/repository/org/springframework/boot/spring-boot-starter-logging/2.0.3.RELEASE/spring-boot-starter-logging-2.0.3.RELEASE.jar:/Users/gumedina/.m2/repository/ch/qos/logback/logback-classic/1.2.3/logback-classic-1.2.3.jar:/Users/gumedina/.m2/repository/ch/qos/logback/logback-core/1.2.3/logback-core-1.2.3.jar:/Users/gumedina/.m2/repository/org/apache/logging/log4j/log4j-to-slf4j/2.10.0/log4j-to-slf4j-2.10.0.jar:/Users/gumedina/.m2/repository/org/apache/logging/log4j/log4j-api/2.10.0/log4j-api-2.10.0.jar:/Users/gumedina/.m2/repository/org/slf4j/jul-to-slf4j/1.7.25/jul-to-slf4j-1.7.25.jar:/Users/gumedina/.m2/repository/javax/annotation/javax.annotation-api/1.3.2/javax.annotation-api-1.3.2.jar:/Users/gumedina/.m2/repository/org/yaml/snakeyaml/1.19/snakeyaml-1.19.jar:/Users/gumedina/.m2/repository/org/springframework/boot/spring-boot-starter-json/2.0.3.RELEASE/spring-boot-starter-json-2.0.3.RELEASE.jar:/Users/gumedina/.m2/repository/com/fasterxml/jackson/core/jackson-databind/2.9.6/jackson-databind-2.9.6.jar:/Users/gumedina/.m2/repository/com/fasterxml/jackson/core/jackson-annotations/2.9.0/jackson-annotations-2.9.0.jar:/Users/gumedina/.m2/repository/com/fasterxml/jackson/core/jackson-core/2.9.6/jackson-core-2.9.6.jar:/Users/gumedina/.m2/repository/com/fasterxml/jackson/datatype/jackson-datatype-jdk8/2.9.6/jackson-datatype-jdk8-2.9.6.jar:/Users/gumedina/.m2/repository/com/fasterxml/jackson/datatype/jackson-datatype-jsr310/2.9.6/jackson-datatype-jsr310-2.9.6.jar:/Users/gumedina/.m2/repository/com/fasterxml/jackson/module/jackson-module-parameter-names/2.9.6/jackson-module-parameter-names-2.9.6.jar:/Users/gumedina/.m2/repository/org/springframework/boot/spring-boot-starter-tomcat/2.0.3.RELEASE/spring-boot-starter-tomcat-2.0.3.RELEASE.jar:/Users/gumedina/.m2/repository/org/apache/tomcat/embed/tomcat-embed-core/8.5.31/tomcat-embed-core-8.5.31.jar:/Users/gumedina/.m2/repository/org/apache/tomcat/embed/tomcat-embed-el/8.5.31/tomcat-embed-el-8.5.31.jar:/Users/gumedina/.m2/repository/org/apache/tomcat/embed/tomcat-embed-websocket/8.5.31/tomcat-embed-websocket-8.5.31.jar:/Users/gumedina/.m2/repository/org/hibernate/validator/hibernate-validator/6.0.10.Final/hibernate-validator-6.0.10.Final.jar:/Users/gumedina/.m2/repository/javax/validation/validation-api/2.0.1.Final/validation-api-2.0.1.Final.jar:/Users/gumedina/.m2/repository/org/jboss/logging/jboss-logging/3.3.2.Final/jboss-logging-3.3.2.Final.jar:/Users/gumedina/.m2/repository/com/fasterxml/classmate/1.3.4/classmate-1.3.4.jar:/Users/gumedina/.m2/repository/org/springframework/spring-web/5.0.7.RELEASE/spring-web-5.0.7.RELEASE.jar:/Users/gumedina/.m2/repository/org/springframework/spring-beans/5.0.7.RELEASE/spring-beans-5.0.7.RELEASE.jar:/Users/gumedina/.m2/repository/org/springframework/spring-webmvc/5.0.7.RELEASE/spring-webmvc-5.0.7.RELEASE.jar:/Users/gumedina/.m2/repository/org/springframework/spring-aop/5.0.7.RELEASE/spring-aop-5.0.7.RELEASE.jar:/Users/gumedina/.m2/repository/org/springframework/spring-context/5.0.7.RELEASE/spring-context-5.0.7.RELEASE.jar:/Users/gumedina/.m2/repository/org/springframework/spring-expression/5.0.7.RELEASE/spring-expression-5.0.7.RELEASE.jar:/Users/gumedina/.m2/repository/org/apache/commons/commons-lang3/3.7/commons-lang3-3.7.jar:/Users/gumedina/.m2/repository/org/projectlombok/lombok/1.18.0/lombok-1.18.0.jar:/Users/gumedina/.m2/repository/org/springframework/boot/spring-boot-starter-test/2.0.3.RELEASE/spring-boot-starter-test-2.0.3.RELEASE.jar:/Users/gumedina/.m2/repository/org/springframework/boot/spring-boot-test/2.0.3.RELEASE/spring-boot-test-2.0.3.RELEASE.jar:/Users/gumedina/.m2/repository/org/springframework/boot/spring-boot-test-autoconfigure/2.0.3.RELEASE/spring-boot-test-autoconfigure-2.0.3.RELEASE.jar:/Users/gumedina/.m2/repository/com/jayway/jsonpath/json-path/2.4.0/json-path-2.4.0.jar:/Users/gumedina/.m2/repository/net/minidev/json-smart/2.3/json-smart-2.3.jar:/Users/gumedina/.m2/repository/net/minidev/accessors-smart/1.2/accessors-smart-1.2.jar:/Users/gumedina/.m2/repository/org/ow2/asm/asm/5.0.4/asm-5.0.4.jar:/Users/gumedina/.m2/repository/org/slf4j/slf4j-api/1.7.25/slf4j-api-1.7.25.jar:/Users/gumedina/.m2/repository/org/assertj/assertj-core/3.9.1/assertj-core-3.9.1.jar:/Users/gumedina/.m2/repository/org/mockito/mockito-core/2.15.0/mockito-core-2.15.0.jar:/Users/gumedina/.m2/repository/net/bytebuddy/byte-buddy/1.7.11/byte-buddy-1.7.11.jar:/Users/gumedina/.m2/repository/net/bytebuddy/byte-buddy-agent/1.7.11/byte-buddy-agent-1.7.11.jar:/Users/gumedina/.m2/repository/org/objenesis/objenesis/2.6/objenesis-2.6.jar:/Users/gumedina/.m2/repository/org/hamcrest/hamcrest-core/1.3/hamcrest-core-1.3.jar:/Users/gumedina/.m2/repository/org/hamcrest/hamcrest-library/1.3/hamcrest-library-1.3.jar:/Users/gumedina/.m2/repository/org/skyscreamer/jsonassert/1.5.0/jsonassert-1.5.0.jar:/Users/gumedina/.m2/repository/com/vaadin/external/google/android-json/0.0.20131108.vaadin1/android-json-0.0.20131108.vaadin1.jar:/Users/gumedina/.m2/repository/org/springframework/spring-core/5.0.7.RELEASE/spring-core-5.0.7.RELEASE.jar:/Users/gumedina/.m2/repository/org/springframework/spring-jcl/5.0.7.RELEASE/spring-jcl-5.0.7.RELEASE.jar:/Users/gumedina/.m2/repository/org/springframework/spring-test/5.0.7.RELEASE/spring-test-5.0.7.RELEASE.jar:/Users/gumedina/.m2/repository/org/xmlunit/xmlunit-core/2.5.1/xmlunit-core-2.5.1.jar:/Users/gumedina/.m2/repository/junit/junit/4.12/junit-4.12.jar:, java.specification.name=Java Platform API Specification, java.class.version=52.0, sun.management.compiler=HotSpot 64-Bit Tiered Compilers, os.version=10.16, http.nonProxyHosts=local|*.local|169.254/16|*.169.254/16, user.home=/Users/gumedina, user.timezone=America/Argentina/Buenos_Aires, java.awt.printerjob=sun.lwawt.macosx.CPrinterJob, file.encoding=UTF-8, java.specification.version=1.8, java.class.path=/Users/gumedina/Downloads/transactions-statistics/target/test-classes:/Users/gumedina/Downloads/transactions-statistics/target/classes:/Users/gumedina/.m2/repository/org/springframework/boot/spring-boot-starter-web/2.0.3.RELEASE/spring-boot-starter-web-2.0.3.RELEASE.jar:/Users/gumedina/.m2/repository/org/springframework/boot/spring-boot-starter/2.0.3.RELEASE/spring-boot-starter-2.0.3.RELEASE.jar:/Users/gumedina/.m2/repository/org/springframework/boot/spring-boot/2.0.3.RELEASE/spring-boot-2.0.3.RELEASE.jar:/Users/gumedina/.m2/repository/org/springframework/boot/spring-boot-autoconfigure/2.0.3.RELEASE/spring-boot-autoconfigure-2.0.3.RELEASE.jar:/Users/gumedina/.m2/repository/org/springframework/boot/spring-boot-starter-logging/2.0.3.RELEASE/spring-boot-starter-logging-2.0.3.RELEASE.jar:/Users/gumedina/.m2/repository/ch/qos/logback/logback-classic/1.2.3/logback-classic-1.2.3.jar:/Users/gumedina/.m2/repository/ch/qos/logback/logback-core/1.2.3/logback-core-1.2.3.jar:/Users/gumedina/.m2/repository/org/apache/logging/log4j/log4j-to-slf4j/2.10.0/log4j-to-slf4j-2.10.0.jar:/Users/gumedina/.m2/repository/org/apache/logging/log4j/log4j-api/2.10.0/log4j-api-2.10.0.jar:/Users/gumedina/.m2/repository/org/slf4j/jul-to-slf4j/1.7.25/jul-to-slf4j-1.7.25.jar:/Users/gumedina/.m2/repository/javax/annotation/javax.annotation-api/1.3.2/javax.annotation-api-1.3.2.jar:/Users/gumedina/.m2/repository/org/yaml/snakeyaml/1.19/snakeyaml-1.19.jar:/Users/gumedina/.m2/repository/org/springframework/boot/spring-boot-starter-json/2.0.3.RELEASE/spring-boot-starter-json-2.0.3.RELEASE.jar:/Users/gumedina/.m2/repository/com/fasterxml/jackson/core/jackson-databind/2.9.6/jackson-databind-2.9.6.jar:/Users/gumedina/.m2/repository/com/fasterxml/jackson/core/jackson-annotations/2.9.0/jackson-annotations-2.9.0.jar:/Users/gumedina/.m2/repository/com/fasterxml/jackson/core/jackson-core/2.9.6/jackson-core-2.9.6.jar:/Users/gumedina/.m2/repository/com/fasterxml/jackson/datatype/jackson-datatype-jdk8/2.9.6/jackson-datatype-jdk8-2.9.6.jar:/Users/gumedina/.m2/repository/com/fasterxml/jackson/datatype/jackson-datatype-jsr310/2.9.6/jackson-datatype-jsr310-2.9.6.jar:/Users/gumedina/.m2/repository/com/fasterxml/jackson/module/jackson-module-parameter-names/2.9.6/jackson-module-parameter-names-2.9.6.jar:/Users/gumedina/.m2/repository/org/springframework/boot/spring-boot-starter-tomcat/2.0.3.RELEASE/spring-boot-starter-tomcat-2.0.3.RELEASE.jar:/Users/gumedina/.m2/repository/org/apache/tomcat/embed/tomcat-embed-core/8.5.31/tomcat-embed-core-8.5.31.jar:/Users/gumedina/.m2/repository/org/apache/tomcat/embed/tomcat-embed-el/8.5.31/tomcat-embed-el-8.5.31.jar:/Users/gumedina/.m2/repository/org/apache/tomcat/embed/tomcat-embed-websocket/8.5.31/tomcat-embed-websocket-8.5.31.jar:/Users/gumedina/.m2/repository/org/hibernate/validator/hibernate-validator/6.0.10.Final/hibernate-validator-6.0.10.Final.jar:/Users/gumedina/.m2/repository/javax/validation/validation-api/2.0.1.Final/validation-api-2.0.1.Final.jar:/Users/gumedina/.m2/repository/org/jboss/logging/jboss-logging/3.3.2.Final/jboss-logging-3.3.2.Final.jar:/Users/gumedina/.m2/repository/com/fasterxml/classmate/1.3.4/classmate-1.3.4.jar:/Users/gumedina/.m2/repository/org/springframework/spring-web/5.0.7.RELEASE/spring-web-5.0.7.RELEASE.jar:/Users/gumedina/.m2/repository/org/springframework/spring-beans/5.0.7.RELEASE/spring-beans-5.0.7.RELEASE.jar:/Users/gumedina/.m2/repository/org/springframework/spring-webmvc/5.0.7.RELEASE/spring-webmvc-5.0.7.RELEASE.jar:/Users/gumedina/.m2/repository/org/springframework/spring-aop/5.0.7.RELEASE/spring-aop-5.0.7.RELEASE.jar:/Users/gumedina/.m2/repository/org/springframework/spring-context/5.0.7.RELEASE/spring-context-5.0.7.RELEASE.jar:/Users/gumedina/.m2/repository/org/springframework/spring-expression/5.0.7.RELEASE/spring-expression-5.0.7.RELEASE.jar:/Users/gumedina/.m2/repository/org/apache/commons/commons-lang3/3.7/commons-lang3-3.7.jar:/Users/gumedina/.m2/repository/org/projectlombok/lombok/1.18.0/lombok-1.18.0.jar:/Users/gumedina/.m2/repository/org/springframework/boot/spring-boot-starter-test/2.0.3.RELEASE/spring-boot-starter-test-2.0.3.RELEASE.jar:/Users/gumedina/.m2/repository/org/springframework/boot/spring-boot-test/2.0.3.RELEASE/spring-boot-test-2.0.3.RELEASE.jar:/Users/gumedina/.m2/repository/org/springframework/boot/spring-boot-test-autoconfigure/2.0.3.RELEASE/spring-boot-test-autoconfigure-2.0.3.RELEASE.jar:/Users/gumedina/.m2/repository/com/jayway/jsonpath/json-path/2.4.0/json-path-2.4.0.jar:/Users/gumedina/.m2/repository/net/minidev/json-smart/2.3/json-smart-2.3.jar:/Users/gumedina/.m2/repository/net/minidev/accessors-smart/1.2/accessors-smart-1.2.jar:/Users/gumedina/.m2/repository/org/ow2/asm/asm/5.0.4/asm-5.0.4.jar:/Users/gumedina/.m2/repository/org/slf4j/slf4j-api/1.7.25/slf4j-api-1.7.25.jar:/Users/gumedina/.m2/repository/org/assertj/assertj-core/3.9.1/assertj-core-3.9.1.jar:/Users/gumedina/.m2/repository/org/mockito/mockito-core/2.15.0/mockito-core-2.15.0.jar:/Users/gumedina/.m2/repository/net/bytebuddy/byte-buddy/1.7.11/byte-buddy-1.7.11.jar:/Users/gumedina/.m2/repository/net/bytebuddy/byte-buddy-agent/1.7.11/byte-buddy-agent-1.7.11.jar:/Users/gumedina/.m2/repository/org/objenesis/objenesis/2.6/objenesis-2.6.jar:/Users/gumedina/.m2/repository/org/hamcrest/hamcrest-core/1.3/hamcrest-core-1.3.jar:/Users/gumedina/.m2/repository/org/hamcrest/hamcrest-library/1.3/hamcrest-library-1.3.jar:/Users/gumedina/.m2/repository/org/skyscreamer/jsonassert/1.5.0/jsonassert-1.5.0.jar:/Users/gumedina/.m2/repository/com/vaadin/external/google/android-json/0.0.20131108.vaadin1/android-json-0.0.20131108.vaadin1.jar:/Users/gumedina/.m2/repository/org/springframework/spring-core/5.0.7.RELEASE/spring-core-5.0.7.RELEASE.jar:/Users/gumedina/.m2/repository/org/springframework/spring-jcl/5.0.7.RELEASE/spring-jcl-5.0.7.RELEASE.jar:/Users/gumedina/.m2/repository/org/springframework/spring-test/5.0.7.RELEASE/spring-test-5.0.7.RELEASE.jar:/Users/gumedina/.m2/repository/org/xmlunit/xmlunit-core/2.5.1/xmlunit-core-2.5.1.jar:/Users/gumedina/.m2/repository/junit/junit/4.12/junit-4.12.jar:, user.name=gumedina, java.vm.specification.version=1.8, sun.java.command=/Users/gumedina/Downloads/transactions-statistics/target/surefire/surefirebooter9046899965277982066.jar /Users/gumedina/Downloads/transactions-statistics/target/surefire 2021-06-12T09-28-05_933-jvmRun1 surefire2398855342247763527tmp surefire_0824508863457481525tmp, java.home=/Users/gumedina/.sdkman/candidates/java/8.0.272-zulu/zulu-8.jdk/Contents/Home/jre, sun.arch.data.model=64, user.language=en, java.specification.vendor=Oracle Corporation, awt.toolkit=sun.lwawt.macosx.LWCToolkit, java.vm.info=mixed mode, java.version=1.8.0_272, java.ext.dirs=/Users/gumedina/Library/Java/Extensions:/Users/gumedina/.sdkman/candidates/java/8.0.272-zulu/zulu-8.jdk/Contents/Home/jre/lib/ext:/Library/Java/Extensions:/Network/Library/Java/Extensions:/System/Library/Java/Extensions:/usr/lib/java, sun.boot.class.path=/Users/gumedina/.sdkman/candidates/java/8.0.272-zulu/zulu-8.jdk/Contents/Home/jre/lib/resources.jar:/Users/gumedina/.sdkman/candidates/java/8.0.272-zulu/zulu-8.jdk/Contents/Home/jre/lib/rt.jar:/Users/gumedina/.sdkman/candidates/java/8.0.272-zulu/zulu-8.jdk/Contents/Home/jre/lib/sunrsasign.jar:/Users/gumedina/.sdkman/candidates/java/8.0.272-zulu/zulu-8.jdk/Contents/Home/jre/lib/jsse.jar:/Users/gumedina/.sdkman/candidates/java/8.0.272-zulu/zulu-8.jdk/Contents/Home/jre/lib/jce.jar:/Users/gumedina/.sdkman/candidates/java/8.0.272-zulu/zulu-8.jdk/Contents/Home/jre/lib/charsets.jar:/Users/gumedina/.sdkman/candidates/java/8.0.272-zulu/zulu-8.jdk/Contents/Home/jre/lib/jfr.jar:/Users/gumedina/.sdkman/candidates/java/8.0.272-zulu/zulu-8.jdk/Contents/Home/jre/classes, java.vendor=Azul Systems, Inc., localRepository=/Users/gumedina/.m2/repository, file.separator=/, java.vendor.url.bug=http://www.azulsystems.com/support/, sun.io.unicode.encoding=UnicodeBig, sun.cpu.endian=little, socksNonProxyHosts=local|*.local|169.254/16|*.169.254/16, ftp.nonProxyHosts=local|*.local|169.254/16|*.169.254/16, sun.cpu.isalist=}}, SystemEnvironmentPropertySource@1922930974 {name='systemEnvironment', properties={PATH=/Users/gumedina/.sdkman/candidates/maven/current/bin:/Users/gumedina/.sdkman/candidates/java/current/bin:/Users/gumedina/.sdkman/candidates/grails/current/bin:/Users/gumedina/.sdkman/candidates/gradle/current/bin:/usr/local/bin:/usr/bin:/bin:/usr/sbin:/sbin, SDKMAN_VERSION=5.11.0+644, JAVA_MAIN_CLASS_23901=org.apache.maven.surefire.booter.ForkedBooter, GRAILS_HOME=/Users/gumedina/.sdkman/candidates/grails/current, JAVA_HOME=/Users/gumedina/.sdkman/candidates/java/current, TERM=xterm-256color, COMMAND_MODE=unix2003, GRADLE_HOME=/Users/gumedina/.sdkman/candidates/gradle/current, MAVEN_HOME=/Users/gumedina/.sdkman/candidates/maven/current, GOMELI=/Users/gumedina/go/src/github.com/mercadolibre, SDKMAN_DIR=/Users/gumedina/.sdkman, LOGNAME=gumedina, FURYPASS=Pichimauida93-, XPC_SERVICE_NAME=0, PWD=/Users/gumedina/Downloads/transactions-statistics, BASH_SILENCE_DEPRECATION_WARNING=1, MAVEN_CMD_LINE_ARGS= clean install, FURYUSER=gumedina, _=/Users/gumedina/.sdkman/candidates/java/8.0.272-zulu/zulu-8.jdk/Contents/Home/jre/bin/java, SDKMAN_CANDIDATES_DIR=/Users/gumedina/.sdkman/candidates, __CFBundleIdentifier=com.jetbrains.intellij, SHELL=/bin/bash, JAVA_MAIN_CLASS_23877=org.codehaus.plexus.classworlds.launcher.Launcher, SDKMAN_CANDIDATES_API=https://api.sdkman.io/2, MAVEN_PROJECTBASEDIR=/Users/gumedina/Downloads/transactions-statistics, OLDPWD=/Users/gumedina/Downloads/transactions-statistics, GOPATH=/Users/gumedina/go, SDKMAN_PLATFORM=DarwinX64, USER=gumedina, GOROOT=/usr/local/Cellar/go/1.16.3/libexec, TERMINAL_EMULATOR=JetBrains-JediTerm, GO111MODULE=on, TMPDIR=/var/folders/mt/m7t27jzx1yj38vspy87mx34ml_hz88/T/, SSH_AUTH_SOCK=/private/tmp/com.apple.launchd.i9ULoZKsys/Listeners, XPC_FLAGS=0x0, TERM_SESSION_ID=4bde5dab-21ba-4dc6-83ea-2e7a32a76359, __CF_USER_TEXT_ENCODING=0x26A87D08:0x0:0x0, LC_CTYPE=en_US.UTF-8, SHLVL=2, HOME=/Users/gumedina, GOPRIVATE=github.com/mercadolibre}}]
09:28:07.131 [main] DEBUG org.springframework.test.context.support.TestPropertySourceUtils - Adding inlined properties to environment: {spring.jmx.enabled=false, org.springframework.boot.test.context.SpringBootTestContextBootstrapper=true, server.port=-1}
09:28:07.131 [main] DEBUG org.springframework.core.env.StandardEnvironment - Adding PropertySource 'Inlined Test Properties' with highest search precedence

  .   ____          _            __ _ _
 /\\ / ___'_ __ _ _(_)_ __  __ _ \ \ \ \
( ( )\___ | '_ | '_| | '_ \/ _` | \ \ \ \
 \\/  ___)| |_)| | | | | || (_| |  ) ) ) )
  '  |____| .__|_| |_|_| |_\__, | / / / /
 =========|_|==============|___/=/_/_/_/
 :: Spring Boot ::        (v2.0.3.RELEASE)

2021-06-12 09:28:07.417  INFO 23901 --- [           main] com.n26.HttpJsonIT                       : Starting HttpJsonIT on AR0C02F61ZRML85 with PID 23901 (started by gumedina in /Users/gumedina/Downloads/transactions-statistics)
2021-06-12 09:28:07.418  INFO 23901 --- [           main] com.n26.HttpJsonIT                       : No active profile set, falling back to default profiles: default
2021-06-12 09:28:07.465  INFO 23901 --- [           main] o.s.w.c.s.GenericWebApplicationContext   : Refreshing org.springframework.web.context.support.GenericWebApplicationContext@4b8729ff: startup date [Sat Jun 12 09:28:07 ART 2021]; root of context hierarchy
2021-06-12 09:28:08.390  INFO 23901 --- [           main] o.s.w.s.handler.SimpleUrlHandlerMapping  : Mapped URL path [/**/favicon.ico] onto handler of type [class org.springframework.web.servlet.resource.ResourceHttpRequestHandler]
2021-06-12 09:28:08.566  INFO 23901 --- [           main] s.w.s.m.m.a.RequestMappingHandlerAdapter : Looking for @ControllerAdvice: org.springframework.web.context.support.GenericWebApplicationContext@4b8729ff: startup date [Sat Jun 12 09:28:07 ART 2021]; root of context hierarchy
2021-06-12 09:28:08.650  INFO 23901 --- [           main] s.w.s.m.m.a.RequestMappingHandlerMapping : Mapped "{[/error]}" onto public org.springframework.http.ResponseEntity<java.util.Map<java.lang.String, java.lang.Object>> org.springframework.boot.autoconfigure.web.servlet.error.BasicErrorController.error(javax.servlet.http.HttpServletRequest)
2021-06-12 09:28:08.652  INFO 23901 --- [           main] s.w.s.m.m.a.RequestMappingHandlerMapping : Mapped "{[/error],produces=[text/html]}" onto public org.springframework.web.servlet.ModelAndView org.springframework.boot.autoconfigure.web.servlet.error.BasicErrorController.errorHtml(javax.servlet.http.HttpServletRequest,javax.servlet.http.HttpServletResponse)
2021-06-12 09:28:08.683  INFO 23901 --- [           main] o.s.w.s.handler.SimpleUrlHandlerMapping  : Mapped URL path [/webjars/**] onto handler of type [class org.springframework.web.servlet.resource.ResourceHttpRequestHandler]
2021-06-12 09:28:08.683  INFO 23901 --- [           main] o.s.w.s.handler.SimpleUrlHandlerMapping  : Mapped URL path [/**] onto handler of type [class org.springframework.web.servlet.resource.ResourceHttpRequestHandler]
2021-06-12 09:28:08.827  INFO 23901 --- [           main] com.n26.HttpJsonIT                       : Started HttpJsonIT in 1.686 seconds (JVM running for 2.613)
2021-06-12 09:28:08.938  INFO 23901 --- [           main] o.s.b.t.m.w.SpringBootMockServletContext : Initializing Spring FrameworkServlet ''
2021-06-12 09:28:08.939  INFO 23901 --- [           main] o.s.t.web.servlet.TestDispatcherServlet  : FrameworkServlet '': initialization started
2021-06-12 09:28:08.963  INFO 23901 --- [           main] o.s.t.web.servlet.TestDispatcherServlet  : FrameworkServlet '': initialization completed in 24 ms
-----Executing integration testcases from file http01.json-----
&amp#27;[1;34mProcessing request 1 &amp#27;[0m&amp#27;[1;37mDELETE /transactions&amp#27;[0m
Test Failed: Reason: Status code
Expected: 204
Actual  : 404
-----Executing integration testcases from file http00.json-----
&amp#27;[1;34mProcessing request 2 &amp#27;[0m&amp#27;[1;37mDELETE /transactions&amp#27;[0m
Test Failed: Reason: Status code
Expected: 204
Actual  : 404
-----Executing integration testcases from file http05.json-----
&amp#27;[1;34mProcessing request 3 &amp#27;[0m&amp#27;[1;37mDELETE /transactions&amp#27;[0m
Test Failed: Reason: Status code
Expected: 204
Actual  : 404
-----Executing integration testcases from file http04.json-----
&amp#27;[1;34mProcessing request 4 &amp#27;[0m&amp#27;[1;37mDELETE /transactions&amp#27;[0m
Test Failed: Reason: Status code
Expected: 204
Actual  : 404
-----Executing integration testcases from file http03.json-----
&amp#27;[1;34mProcessing request 5 &amp#27;[0m&amp#27;[1;37mDELETE /transactions&amp#27;[0m
Test Failed: Reason: Status code
Expected: 204
Actual  : 404
-----Executing integration testcases from file http02.json-----
&amp#27;[1;34mProcessing request 6 &amp#27;[0m&amp#27;[1;37mDELETE /transactions&amp#27;[0m
Test Failed: Reason: Status code
Expected: 204
Actual  : 404
]]></system-out>
  </testcase>
</testsuite>