<?xml version="1.0" encoding="UTF-8"?>
<testsuite name="com.n26.HttpJsonIT" time="0.192000" tests="6" errors="0" skipped="0" failures="6">
    <testcase name="Test 100" classname="com.n26.HttpJsonIT" time="0.000000">
        <failure>
            DELETE /transactions: Status code.
        </failure>
    </testcase>
    <testcase name="Outdated transactions" classname="com.n26.HttpJsonIT" time="0.185000">
        <failure>
            DELETE /transactions: Status code.
        </failure>
    </testcase>
    <testcase name="Random transactions" classname="com.n26.HttpJsonIT" time="0.000000">
        <failure>
            DELETE /transactions: Status code.
        </failure>
    </testcase>
    <testcase name="Expiring transactions" classname="com.n26.HttpJsonIT" time="0.000000">
        <failure>
            DELETE /transactions: Status code.
        </failure>
    </testcase>
    <testcase name="JSON errors" classname="com.n26.HttpJsonIT" time="0.000000">
        <failure>
            DELETE /transactions: Status code.
        </failure>
    </testcase>
    <testcase name="BigDecimal rounding" classname="com.n26.HttpJsonIT" time="0.026000">
        <failure>
            DELETE /transactions: Status code.
        </failure>
    </testcase>
</testsuite>
